<?xml version="1.0" encoding="UTF-8"?>
<!-- Generated by org.testng.reporters.JUnitReportReporter -->
<testsuite hostname="DESKTOP-QHTT137" failures="0" tests="1" name="Testpackage.WindowHandleDemo" time="14.629" errors="0" timestamp="14 Sep 2021 01:07:59 GMT" skipped="0">
  <testcase classname="Testpackage.WindowHandleDemo" name="f" time="14.629"/>
</testsuite> <!-- Testpackage.WindowHandleDemo -->
