<?xml version="1.0" encoding="UTF-8"?>
<!-- Generated by org.testng.reporters.JUnitReportReporter -->
<testsuite hostname="DESKTOP-QHTT137" failures="0" tests="1" name="Testpackage.Windowsdemo" time="11.370" errors="0" timestamp="14 Sep 2021 00:10:09 GMT" skipped="0">
  <testcase classname="Testpackage.Windowsdemo" name="f" time="11.370"/>
</testsuite> <!-- Testpackage.Windowsdemo -->
