<?xml version="1.0" encoding="UTF-8"?>
<!-- Generated by org.testng.reporters.JUnitReportReporter -->
<testsuite hostname="DESKTOP-QHTT137" failures="0" tests="1" name="Testpackage.Testclass" time="0.007" errors="0" timestamp="22 Aug 2021 03:14:18 GMT" skipped="0">
  <testcase classname="Testpackage.Testclass" name="firstfunction" time="0.007"/>
</testsuite> <!-- Testpackage.Testclass -->
