<?xml version="1.0" encoding="UTF-8"?>
<!-- Generated by org.testng.reporters.JUnitReportReporter -->
<testsuite hostname="DESKTOP-QHTT137" failures="0" tests="1" name="Testpackage.Chromebrowserlaunch" time="28.469" errors="0" timestamp="22 Aug 2021 04:06:15 GMT" skipped="0">
  <testcase classname="Testpackage.Chromebrowserlaunch" name="browserlaunch" time="28.469"/>
</testsuite> <!-- Testpackage.Chromebrowserlaunch -->
